<?xml version="1.0" encoding="UTF-8"?>
<testsuite name="activity.RegisterActivityTest" tests="3" skipped="0" failures="0" errors="0" timestamp="2022-03-28T04:06:01" hostname="KrishnarthysAir" time="0.546">
  <properties/>
  <testcase name="handleRequest_provideCorrectFormatUsernameAndPassword_registersUserSuccessfully()" classname="activity.RegisterActivityTest" time="0.524"/>
  <testcase name="handleRequest_provideInCorrectFormatUsername_throwsIllegalArgumentException()" classname="activity.RegisterActivityTest" time="0.008"/>
  <testcase name="handleRequest_provideInCorrectFormatPassword_throwsIllegalArgumentException()" classname="activity.RegisterActivityTest" time="0.005"/>
  <system-out><![CDATA[]]></system-out>
  <system-err><![CDATA[]]></system-err>
</testsuite>
