<?xml version="1.0" encoding="UTF-8"?>
<testsuite name="activity.GetPortfolioActivityTest" tests="2" skipped="0" failures="0" errors="0" timestamp="2022-03-28T04:06:01" hostname="KrishnarthysAir" time="0.223">
  <properties/>
  <testcase name="handleRequest_withProperUsername_getsTheCorrectPortfolio()" classname="activity.GetPortfolioActivityTest" time="0.202"/>
  <testcase name="handleRequest_withUnavailableAsset_throwsAssetNotAvailableException()" classname="activity.GetPortfolioActivityTest" time="0.018"/>
  <system-out><![CDATA[]]></system-out>
  <system-err><![CDATA[]]></system-err>
</testsuite>
