<?xml version="1.0" encoding="UTF-8"?>
<testsuite name="activity.UpdatePortfolioActivityTest" tests="2" skipped="0" failures="0" errors="0" timestamp="2022-03-28T04:05:54" hostname="KrishnarthysAir" time="6.459">
  <properties/>
  <testcase name="handleRequest_withUnavailableAsset_throwsAssetNotAvailableException()" classname="activity.UpdatePortfolioActivityTest" time="6.146"/>
  <testcase name="handleRequest_withProperUsername_updatesPortfolio()" classname="activity.UpdatePortfolioActivityTest" time="0.295"/>
  <system-out><![CDATA[]]></system-out>
  <system-err><![CDATA[]]></system-err>
</testsuite>
